<?xml version="1.0" encoding="UTF-8"?>
<testng-results skipped="0" failed="0" ignored="0" total="2" passed="2">
  <reporter-output>
  </reporter-output>
  <suite name="Suite" duration-ms="2201" started-at="2019-08-12T11:27:19Z" finished-at="2019-08-12T11:27:21Z">
    <groups>
    </groups>
    <test name="Test" duration-ms="2201" started-at="2019-08-12T11:27:19Z" finished-at="2019-08-12T11:27:21Z">
      <class name="getRequest.GetCity">
        <test-method status="PASS" signature="getcitymethod()[pri:0, instance:getRequest.GetCity@17b4f4c]" name="getcitymethod" duration-ms="2090" started-at="2019-08-12T11:27:19Z" finished-at="2019-08-12T11:27:21Z">
          <reporter-output>
          </reporter-output>
        </test-method> <!-- getcitymethod -->
        <test-method status="PASS" signature="getcitymethodwitheaders()[pri:0, instance:getRequest.GetCity@17b4f4c]" name="getcitymethodwitheaders" duration-ms="64" started-at="2019-08-12T11:27:21Z" finished-at="2019-08-12T11:27:21Z">
          <reporter-output>
          </reporter-output>
        </test-method> <!-- getcitymethodwitheaders -->
      </class> <!-- getRequest.GetCity -->
    </test> <!-- Test -->
  </suite> <!-- Suite -->
</testng-results>
